<?xml version="1.0" encoding="UTF-8"?>
<!-- Generated by org.testng.reporters.JUnitReportReporter -->
<testsuite hostname="Robust" failures="0" tests="2" name="com.yourorg.tests.AddCustomerTest" time="1.393" errors="0" timestamp="2025-08-10T23:43:35 IST" skipped="0">
  <testcase classname="com.yourorg.tests.AddCustomerTest" name="addCustomer_ShouldReturn201_WhenValidData" time="0.729"/>
  <testcase classname="com.yourorg.tests.AddCustomerTest" name="addCustomer_ShouldReturnError_WhenMissingRequiredFields" time="0.664"/>
</testsuite> <!-- com.yourorg.tests.AddCustomerTest -->
