<?xml version="1.0" encoding="UTF-8"?>
<!-- Generated by org.testng.reporters.JUnitReportReporter -->
<testsuite hostname="Robust" failures="0" tests="1" name="com.yourorg.tests.AuthTest" time="3.149" errors="0" timestamp="2025-08-10T23:43:35 IST" skipped="0">
  <testcase classname="com.yourorg.tests.AuthTest" name="getAccessToken_ShouldReturnValidToken" time="3.149"/>
</testsuite> <!-- com.yourorg.tests.AuthTest -->
