<?xml version="1.0" encoding="UTF-8"?>
<!-- Generated by org.testng.reporters.JUnitReportReporter -->
<testsuite hostname="Robust" failures="0" tests="2" name="com.yourorg.tests.DeleteCustomerTest" time="1.295" errors="0" timestamp="2025-08-10T23:43:35 IST" skipped="0">
  <testcase classname="com.yourorg.tests.DeleteCustomerTest" name="deleteCustomerById_ShouldReturn200_WhenValidId" time="0.638"/>
  <testcase classname="com.yourorg.tests.DeleteCustomerTest" name="deleteCustomerById_ShouldReturnError_WhenInvalidId" time="0.657"/>
</testsuite> <!-- com.yourorg.tests.DeleteCustomerTest -->
