<?xml version="1.0" encoding="UTF-8"?>
<!-- Generated by org.testng.reporters.JUnitReportReporter -->
<testsuite hostname="Robust" failures="0" tests="2" name="com.yourorg.tests.ViewCustomerListTest" time="1.544" errors="0" timestamp="2025-08-10T23:43:35 IST" skipped="0">
  <testcase classname="com.yourorg.tests.ViewCustomerListTest" name="viewCustomerList_ShouldReturnError_WhenUnauthorized" time="0.729"/>
  <testcase classname="com.yourorg.tests.ViewCustomerListTest" name="viewCustomerList_ShouldReturnNonEmptyList" time="0.815"/>
</testsuite> <!-- com.yourorg.tests.ViewCustomerListTest -->
