<?xml version="1.0" encoding="UTF-8"?>
<!-- Generated by org.testng.reporters.JUnitReportReporter -->
<testsuite hostname="Robust" failures="0" tests="2" name="com.yourorg.tests.ViewCustomerByIdTest" time="1.368" errors="0" timestamp="2025-08-10T23:43:35 IST" skipped="0">
  <testcase classname="com.yourorg.tests.ViewCustomerByIdTest" name="viewCustomerById_ShouldReturnError_WhenInvalidId" time="0.696"/>
  <testcase classname="com.yourorg.tests.ViewCustomerByIdTest" name="viewCustomerById_ShouldReturnCustomer_WhenValidId" time="0.672"/>
</testsuite> <!-- com.yourorg.tests.ViewCustomerByIdTest -->
