<?xml version="1.0" encoding="UTF-8"?>
<!-- Generated by org.testng.reporters.JUnitReportReporter -->
<testsuite hostname="Robust" failures="0" tests="2" name="com.yourorg.tests.ViewCustomerByMobileTest" time="1.417" errors="0" timestamp="2025-08-10T23:43:35 IST" skipped="0">
  <testcase classname="com.yourorg.tests.ViewCustomerByMobileTest" name="viewCustomerByMobile_ShouldReturnError_WhenInvalidMobile" time="0.685"/>
  <testcase classname="com.yourorg.tests.ViewCustomerByMobileTest" name="viewCustomerByMobile_ShouldReturnCustomer_WhenValidMobile" time="0.732"/>
</testsuite> <!-- com.yourorg.tests.ViewCustomerByMobileTest -->
